          min 0.159384  max 0.16
  -- Solve :
          min 0.955003  max 0.96
  -- Solve :
          min 0.169384  max 0.17
  -- Solve :
          min 0.965003  max 0.97
  -- Solve :
          min 0.179384  max 0.18
  -- Solve :
          min 0.975003  max 0.98
  -- Solve :
          min 0.189384  max 0.19
  -- Solve :
          min 0.985003  max 0.99
  -- Solve :
          min 0.199384  max 0.2
  -- Solve :
          min 0.995003  max 1
  -- Solve :
          min 0.209384  max 0.21
  -- Solve :
          min 1.005  max 1.01
times: compile 0.086s, execution 209.84s,  mpirank:0
 ######## We forget of deleting   70244290 Nb pointer,   0Bytes  ,  mpirank 0, memory leak =0
 CodeAlloc : nb ptr  4613,  size :539784 mpirank: 0
Ok: Normal End
correct.edp
